[debug] [2021-05-09T22:00:53.579Z] ----------------------------------------------------------------------
[debug] [2021-05-09T22:00:53.581Z] Command:       /Users/user1/.nvm/versions/node/v14.9.0/bin/node /Users/user1/.nvm/versions/node/v14.9.0/bin/firebase init
[debug] [2021-05-09T22:00:53.582Z] CLI Version:   9.9.0
[debug] [2021-05-09T22:00:53.582Z] Platform:      darwin
[debug] [2021-05-09T22:00:53.582Z] Node Version:  v14.9.0
[debug] [2021-05-09T22:00:53.583Z] Time:          Sun May 09 2021 18:00:53 GMT-0400 (Eastern Daylight Time)
[debug] [2021-05-09T22:00:53.583Z] ----------------------------------------------------------------------
[debug] 
[debug] [2021-05-09T22:00:53.585Z] >>> [apiv2][query] GET https://firebase-public.firebaseio.com/cli.json [none]
[debug] [2021-05-09T22:00:53.607Z] > command requires scopes: ["email","openid","https://www.googleapis.com/auth/cloudplatformprojects.readonly","https://www.googleapis.com/auth/firebase","https://www.googleapis.com/auth/cloud-platform"]
[debug] [2021-05-09T22:00:53.608Z] > authorizing via signed-in user (nasirli.safa1@gmail.com)
[info] 
     ######## #### ########  ######## ########     ###     ######  ########
     ##        ##  ##     ## ##       ##     ##  ##   ##  ##       ##
     ######    ##  ########  ######   ########  #########  ######  ######
     ##        ##  ##    ##  ##       ##     ## ##     ##       ## ##
     ##       #### ##     ## ######## ########  ##     ##  ######  ########

You're about to initialize a Firebase project in this directory:

  /Users/user1/Desktop/All Projects/amazon-clone

[debug] [2021-05-09T22:00:53.797Z] <<< [apiv2][status] GET https://firebase-public.firebaseio.com/cli.json 200
[debug] [2021-05-09T22:00:53.797Z] <<< [apiv2][body] GET https://firebase-public.firebaseio.com/cli.json {"cloudBuildErrorAfter":1594252800000,"cloudBuildWarnAfter":1590019200000,"defaultNode10After":1594252800000,"minVersion":"3.0.5","node8DeploysDisabledAfter":1613390400000,"node8RuntimeDisabledAfter":1615809600000,"node8WarnAfter":1600128000000}
